android/app/build/intermediates/manifest_merge_blame_file/release/manifest-merger-blame-release-report.txt
1<?xml version="1.0" encoding="utf-8"?>
2<manifest xmlns:android="http://schemas.android.com/apk/res/android"
3    package="com.tagscanner"
4    android:versionCode="1"
5    android:versionName="1.0" >
6
7    <uses-sdk
8        android:minSdkVersion="21"
8-->src/main/AndroidManifest.xml
9        android:targetSdkVersion="33" />
9-->src/main/AndroidManifest.xml
10
11    <uses-permission android:name="android.permission.INTERNET" />
11-->src/main/AndroidManifest.xml:3:5-67
11-->src/main/AndroidManifest.xml:3:22-64
12    <uses-permission android:name="android.permission.VIBRATE" />
12-->src/main/AndroidManifest.xml:4:5-65
12-->src/main/AndroidManifest.xml:4:22-63
13    <uses-permission android:name="android.permission.SYSTEM_ALERT_WINDOW" />
13-->src/main/AndroidManifest.xml:5:6-78
13-->src/main/AndroidManifest.xml:5:23-76
14    <uses-permission android:name="android.permission.READ_EXTERNAL_STORAGE" />
14-->src/main/AndroidManifest.xml:6:5-80
14-->src/main/AndroidManifest.xml:6:22-77
15    <uses-permission android:name="android.permission.WRITE_EXTERNAL_STORAGE" />
15-->src/main/AndroidManifest.xml:7:5-81
15-->src/main/AndroidManifest.xml:7:22-78
16    <uses-permission android:name="android.permission.WAKE_LOCK" />
16-->[:react-native-firebase_auth] AndroidManifest.xml:10:5-68
16-->[:react-native-firebase_auth] AndroidManifest.xml:10:22-65
17    <uses-permission android:name="android.permission.ACCESS_NETWORK_STATE" />
17-->[:react-native-firebase_auth] AndroidManifest.xml:11:5-79
17-->[:react-native-firebase_auth] AndroidManifest.xml:11:22-76
18    <uses-permission android:name="android.permission.CAMERA" />
18-->[:react-native-camera] AndroidManifest.xml:9:5-65
18-->[:react-native-camera] AndroidManifest.xml:9:22-62
19
20    <uses-feature
20-->[:react-native-camera] AndroidManifest.xml:11:5-13:36
21        android:name="android.hardware.camera"
21-->[:react-native-camera] AndroidManifest.xml:12:9-47
22        android:required="false" />
22-->[:react-native-camera] AndroidManifest.xml:13:9-33
23    <uses-feature
23-->[:react-native-camera] AndroidManifest.xml:14:5-16:36
24        android:name="android.hardware.camera.autofocus"
24-->[:react-native-camera] AndroidManifest.xml:15:9-57
25        android:required="false" />
25-->[:react-native-camera] AndroidManifest.xml:16:9-33
26
27    <queries>
27-->[:react-native-image-crop-picker] AndroidManifest.xml:9:5-13:15
28        <intent>
28-->[:react-native-image-crop-picker] AndroidManifest.xml:10:9-12:18
29            <action android:name="android.media.action.IMAGE_CAPTURE" />
29-->[:react-native-image-crop-picker] AndroidManifest.xml:11:13-73
29-->[:react-native-image-crop-picker] AndroidManifest.xml:11:21-70
30        </intent>
31    </queries> <!-- Required to access Google Play Licensing -->
32    <uses-permission android:name="com.android.vending.CHECK_LICENSE" /> <!-- Required to check whether Wi-Fi is enabled -->
32-->[:rn-fetch-blob] AndroidManifest.xml:10:5-73
32-->[:rn-fetch-blob] AndroidManifest.xml:10:22-70
33    <uses-permission android:name="android.permission.ACCESS_WIFI_STATE" />
33-->[:rn-fetch-blob] AndroidManifest.xml:28:5-76
33-->[:rn-fetch-blob] AndroidManifest.xml:28:22-73
34
35    <application
35-->src/main/AndroidManifest.xml:9:5-28:19
36        android:name="com.tagscanner.MainApplication"
36-->src/main/AndroidManifest.xml:10:7-38
37        android:allowBackup="false"
37-->src/main/AndroidManifest.xml:14:7-34
38        android:appComponentFactory="androidx.core.app.CoreComponentFactory"
38-->[androidx.core:core:1.7.0] AndroidManifest.xml:24:18-86
39        android:icon="@mipmap/ic_launcher"
39-->src/main/AndroidManifest.xml:12:7-41
40        android:label="@string/app_name"
40-->src/main/AndroidManifest.xml:11:7-39
41        android:roundIcon="@mipmap/ic_launcher_round"
41-->src/main/AndroidManifest.xml:13:7-52
42        android:theme="@style/AppTheme" >
42-->src/main/AndroidManifest.xml:15:7-38
43        <activity
43-->src/main/AndroidManifest.xml:16:7-27:18
44            android:name="com.tagscanner.MainActivity"
44-->src/main/AndroidManifest.xml:17:9-37
45            android:configChanges="keyboard|keyboardHidden|orientation|screenLayout|screenSize|smallestScreenSize|uiMode"
45-->src/main/AndroidManifest.xml:19:9-118
46            android:exported="true"
46-->src/main/AndroidManifest.xml:22:9-32
47            android:label="@string/app_name"
47-->src/main/AndroidManifest.xml:18:9-41
48            android:launchMode="singleTask"
48-->src/main/AndroidManifest.xml:20:9-40
49            android:windowSoftInputMode="adjustResize" >
49-->src/main/AndroidManifest.xml:21:9-51
50            <intent-filter>
50-->src/main/AndroidManifest.xml:23:9-26:25
51                <action android:name="android.intent.action.MAIN" />
51-->src/main/AndroidManifest.xml:24:13-65
51-->src/main/AndroidManifest.xml:24:21-62
52
53                <category android:name="android.intent.category.LAUNCHER" />
53-->src/main/AndroidManifest.xml:25:13-73
53-->src/main/AndroidManifest.xml:25:23-70
54            </intent-filter>
55        </activity>
56
57        <meta-data
57-->[:react-native-firebase_app] AndroidManifest.xml:11:9-13:36
58            android:name="app_data_collection_default_enabled"
58-->[:react-native-firebase_app] AndroidManifest.xml:12:13-63
59            android:value="true" />
59-->[:react-native-firebase_app] AndroidManifest.xml:13:13-33
60
61        <service
61-->[:react-native-firebase_app] AndroidManifest.xml:15:9-23:19
62            android:name="com.google.firebase.components.ComponentDiscoveryService"
62-->[:react-native-firebase_app] AndroidManifest.xml:16:13-84
63            android:directBootAware="true"
63-->[:react-native-firebase_app] AndroidManifest.xml:17:13-43
64            android:exported="false" >
64-->[:react-native-firebase_app] AndroidManifest.xml:18:13-37
65            <meta-data
65-->[:react-native-firebase_app] AndroidManifest.xml:20:13-22:85
66                android:name="com.google.firebase.components:io.invertase.firebase.app.ReactNativeFirebaseAppRegistrar"
66-->[:react-native-firebase_app] AndroidManifest.xml:21:17-120
67                android:value="com.google.firebase.components.ComponentRegistrar" />
67-->[:react-native-firebase_app] AndroidManifest.xml:22:17-82
68            <meta-data
68-->[com.google.firebase:firebase-auth:21.2.0] AndroidManifest.xml:69:13-71:85
69                android:name="com.google.firebase.components:com.google.firebase.auth.FirebaseAuthRegistrar"
69-->[com.google.firebase:firebase-auth:21.2.0] AndroidManifest.xml:70:17-109
70                android:value="com.google.firebase.components.ComponentRegistrar" />
70-->[com.google.firebase:firebase-auth:21.2.0] AndroidManifest.xml:71:17-82
71        </service>
72
73        <provider
73-->[:react-native-firebase_app] AndroidManifest.xml:25:9-29:38
74            android:name="io.invertase.firebase.app.ReactNativeFirebaseAppInitProvider"
74-->[:react-native-firebase_app] AndroidManifest.xml:26:13-88
75            android:authorities="com.tagscanner.reactnativefirebaseappinitprovider"
75-->[:react-native-firebase_app] AndroidManifest.xml:27:13-86
76            android:exported="false"
76-->[:react-native-firebase_app] AndroidManifest.xml:28:13-37
77            android:initOrder="99" />
77-->[:react-native-firebase_app] AndroidManifest.xml:29:13-35
78        <provider
78-->[:react-native-image-crop-picker] AndroidManifest.xml:18:9-26:20
79            android:name="com.reactnative.ivpusic.imagepicker.IvpusicImagePickerFileProvider"
79-->[:react-native-image-crop-picker] AndroidManifest.xml:19:13-94
80            android:authorities="com.tagscanner.provider"
80-->[:react-native-image-crop-picker] AndroidManifest.xml:20:13-60
81            android:exported="false"
81-->[:react-native-image-crop-picker] AndroidManifest.xml:21:13-37
82            android:grantUriPermissions="true" >
82-->[:react-native-image-crop-picker] AndroidManifest.xml:22:13-47
83            <meta-data
83-->[:react-native-image-crop-picker] AndroidManifest.xml:23:13-25:78
84                android:name="android.support.FILE_PROVIDER_PATHS"
84-->[:react-native-image-crop-picker] AndroidManifest.xml:24:17-67
85                android:resource="@xml/ivpusic_imagepicker_provider_paths" />
85-->[:react-native-image-crop-picker] AndroidManifest.xml:25:17-75
86        </provider>
87
88        <activity
88-->[:react-native-image-crop-picker] AndroidManifest.xml:28:9-30:72
89            android:name="com.yalantis.ucrop.UCropActivity"
89-->[:react-native-image-crop-picker] AndroidManifest.xml:29:13-60
90            android:theme="@style/Theme.AppCompat.Light.NoActionBar" />
90-->[:react-native-image-crop-picker] AndroidManifest.xml:30:13-69
91
92        <provider
92-->[:react-native-webview] AndroidManifest.xml:10:9-18:20
93            android:name="com.reactnativecommunity.webview.RNCWebViewFileProvider"
93-->[:react-native-webview] AndroidManifest.xml:11:13-83
94            android:authorities="com.tagscanner.fileprovider"
94-->[:react-native-webview] AndroidManifest.xml:12:13-64
95            android:exported="false"
95-->[:react-native-webview] AndroidManifest.xml:13:13-37
96            android:grantUriPermissions="true" >
96-->[:react-native-webview] AndroidManifest.xml:14:13-47
97            <meta-data
97-->[:react-native-image-crop-picker] AndroidManifest.xml:23:13-25:78
98                android:name="android.support.FILE_PROVIDER_PATHS"
98-->[:react-native-image-crop-picker] AndroidManifest.xml:24:17-67
99                android:resource="@xml/file_provider_paths" />
99-->[:react-native-image-crop-picker] AndroidManifest.xml:25:17-75
100        </provider>
101        <provider
101-->[:rn-fetch-blob] AndroidManifest.xml:34:9-42:20
102            android:name="com.RNFetchBlob.Utils.FileProvider"
102-->[:rn-fetch-blob] AndroidManifest.xml:35:13-62
103            android:authorities="com.tagscanner.provider"
103-->[:rn-fetch-blob] AndroidManifest.xml:36:13-60
104            android:exported="false"
104-->[:rn-fetch-blob] AndroidManifest.xml:37:13-37
105            android:grantUriPermissions="true" >
105-->[:rn-fetch-blob] AndroidManifest.xml:38:13-47
106            <meta-data
106-->[:react-native-image-crop-picker] AndroidManifest.xml:23:13-25:78
107                android:name="android.support.FILE_PROVIDER_PATHS"
107-->[:react-native-image-crop-picker] AndroidManifest.xml:24:17-67
108                android:resource="@xml/provider_paths" />
108-->[:react-native-image-crop-picker] AndroidManifest.xml:25:17-75
109        </provider>
110
111        <activity
111-->[com.google.android.gms:play-services-auth:20.3.0] AndroidManifest.xml:23:9-27:75
112            android:name="com.google.android.gms.auth.api.signin.internal.SignInHubActivity"
112-->[com.google.android.gms:play-services-auth:20.3.0] AndroidManifest.xml:24:13-93
113            android:excludeFromRecents="true"
113-->[com.google.android.gms:play-services-auth:20.3.0] AndroidManifest.xml:25:13-46
114            android:exported="false"
114-->[com.google.android.gms:play-services-auth:20.3.0] AndroidManifest.xml:26:13-37
115            android:theme="@android:style/Theme.Translucent.NoTitleBar" />
115-->[com.google.android.gms:play-services-auth:20.3.0] AndroidManifest.xml:27:13-72
116        <!--
117            Service handling Google Sign-In user revocation. For apps that do not integrate with
118            Google Sign-In, this service will never be started.
119        -->
120        <service
120-->[com.google.android.gms:play-services-auth:20.3.0] AndroidManifest.xml:33:9-37:51
121            android:name="com.google.android.gms.auth.api.signin.RevocationBoundService"
121-->[com.google.android.gms:play-services-auth:20.3.0] AndroidManifest.xml:34:13-89
122            android:exported="true"
122-->[com.google.android.gms:play-services-auth:20.3.0] AndroidManifest.xml:35:13-36
123            android:permission="com.google.android.gms.auth.api.signin.permission.REVOCATION_NOTIFICATION"
123-->[com.google.android.gms:play-services-auth:20.3.0] AndroidManifest.xml:36:13-107
124            android:visibleToInstantApps="true" />
124-->[com.google.android.gms:play-services-auth:20.3.0] AndroidManifest.xml:37:13-48
125
126        <activity
126-->[com.google.firebase:firebase-auth:21.2.0] AndroidManifest.xml:29:9-46:20
127            android:name="com.google.firebase.auth.internal.GenericIdpActivity"
127-->[com.google.firebase:firebase-auth:21.2.0] AndroidManifest.xml:30:13-80
128            android:excludeFromRecents="true"
128-->[com.google.firebase:firebase-auth:21.2.0] AndroidManifest.xml:31:13-46
129            android:exported="true"
129-->[com.google.firebase:firebase-auth:21.2.0] AndroidManifest.xml:32:13-36
130            android:launchMode="singleTask"
130-->[com.google.firebase:firebase-auth:21.2.0] AndroidManifest.xml:33:13-44
131            android:theme="@android:style/Theme.Translucent.NoTitleBar" >
131-->[com.google.firebase:firebase-auth:21.2.0] AndroidManifest.xml:34:13-72
132            <intent-filter>
132-->[com.google.firebase:firebase-auth:21.2.0] AndroidManifest.xml:35:13-45:29
133                <action android:name="android.intent.action.VIEW" />
133-->[com.google.firebase:firebase-auth:21.2.0] AndroidManifest.xml:36:17-69
133-->[com.google.firebase:firebase-auth:21.2.0] AndroidManifest.xml:36:25-66
134
135                <category android:name="android.intent.category.DEFAULT" />
135-->[com.google.firebase:firebase-auth:21.2.0] AndroidManifest.xml:38:17-76
135-->[com.google.firebase:firebase-auth:21.2.0] AndroidManifest.xml:38:27-73
136                <category android:name="android.intent.category.BROWSABLE" />
136-->[com.google.firebase:firebase-auth:21.2.0] AndroidManifest.xml:39:17-78
136-->[com.google.firebase:firebase-auth:21.2.0] AndroidManifest.xml:39:27-75
137
138                <data
138-->[com.google.firebase:firebase-auth:21.2.0] AndroidManifest.xml:41:17-44:51
139                    android:host="firebase.auth"
139-->[com.google.firebase:firebase-auth:21.2.0] AndroidManifest.xml:42:21-49
140                    android:path="/"
140-->[com.google.firebase:firebase-auth:21.2.0] AndroidManifest.xml:43:21-37
141                    android:scheme="genericidp" />
141-->[com.google.firebase:firebase-auth:21.2.0] AndroidManifest.xml:44:21-48
142            </intent-filter>
143        </activity>
144        <activity
144-->[com.google.firebase:firebase-auth:21.2.0] AndroidManifest.xml:47:9-64:20
145            android:name="com.google.firebase.auth.internal.RecaptchaActivity"
145-->[com.google.firebase:firebase-auth:21.2.0] AndroidManifest.xml:48:13-79
146            android:excludeFromRecents="true"
146-->[com.google.firebase:firebase-auth:21.2.0] AndroidManifest.xml:49:13-46
147            android:exported="true"
147-->[com.google.firebase:firebase-auth:21.2.0] AndroidManifest.xml:50:13-36
148            android:launchMode="singleTask"
148-->[com.google.firebase:firebase-auth:21.2.0] AndroidManifest.xml:51:13-44
149            android:theme="@android:style/Theme.Translucent.NoTitleBar" >
149-->[com.google.firebase:firebase-auth:21.2.0] AndroidManifest.xml:52:13-72
150            <intent-filter>
150-->[com.google.firebase:firebase-auth:21.2.0] AndroidManifest.xml:53:13-63:29
151                <action android:name="android.intent.action.VIEW" />
151-->[com.google.firebase:firebase-auth:21.2.0] AndroidManifest.xml:36:17-69
151-->[com.google.firebase:firebase-auth:21.2.0] AndroidManifest.xml:36:25-66
152
153                <category android:name="android.intent.category.DEFAULT" />
153-->[com.google.firebase:firebase-auth:21.2.0] AndroidManifest.xml:38:17-76
153-->[com.google.firebase:firebase-auth:21.2.0] AndroidManifest.xml:38:27-73
154                <category android:name="android.intent.category.BROWSABLE" />
154-->[com.google.firebase:firebase-auth:21.2.0] AndroidManifest.xml:39:17-78
154-->[com.google.firebase:firebase-auth:21.2.0] AndroidManifest.xml:39:27-75
155
156                <data
156-->[com.google.firebase:firebase-auth:21.2.0] AndroidManifest.xml:41:17-44:51
157                    android:host="firebase.auth"
157-->[com.google.firebase:firebase-auth:21.2.0] AndroidManifest.xml:42:21-49
158                    android:path="/"
158-->[com.google.firebase:firebase-auth:21.2.0] AndroidManifest.xml:43:21-37
159                    android:scheme="recaptcha" />
159-->[com.google.firebase:firebase-auth:21.2.0] AndroidManifest.xml:44:21-48
160            </intent-filter>
161        </activity>
162
163        <service
163-->[com.google.android.gms:play-services-mlkit-barcode-scanning:16.2.0] AndroidManifest.xml:9:9-15:19
164            android:name="com.google.mlkit.common.internal.MlKitComponentDiscoveryService"
164-->[com.google.android.gms:play-services-mlkit-barcode-scanning:16.2.0] AndroidManifest.xml:10:13-91
165            android:directBootAware="true"
165-->[com.google.mlkit:common:17.2.0] AndroidManifest.xml:17:13-43
166            android:exported="false" >
166-->[com.google.android.gms:play-services-mlkit-barcode-scanning:16.2.0] AndroidManifest.xml:11:13-37
167            <meta-data
167-->[com.google.android.gms:play-services-mlkit-barcode-scanning:16.2.0] AndroidManifest.xml:12:13-14:85
168                android:name="com.google.firebase.components:com.google.mlkit.vision.barcode.internal.BarcodeRegistrar"
168-->[com.google.android.gms:play-services-mlkit-barcode-scanning:16.2.0] AndroidManifest.xml:13:17-120
169                android:value="com.google.firebase.components.ComponentRegistrar" />
169-->[com.google.android.gms:play-services-mlkit-barcode-scanning:16.2.0] AndroidManifest.xml:14:17-82
170            <meta-data
170-->[com.google.android.gms:play-services-mlkit-face-detection:16.2.0] AndroidManifest.xml:12:13-14:85
171                android:name="com.google.firebase.components:com.google.mlkit.vision.face.internal.FaceRegistrar"
171-->[com.google.android.gms:play-services-mlkit-face-detection:16.2.0] AndroidManifest.xml:13:17-114
172                android:value="com.google.firebase.components.ComponentRegistrar" />
172-->[com.google.android.gms:play-services-mlkit-face-detection:16.2.0] AndroidManifest.xml:14:17-82
173            <meta-data
173-->[com.google.android.gms:play-services-mlkit-text-recognition:16.3.0] AndroidManifest.xml:12:13-14:85
174                android:name="com.google.firebase.components:com.google.mlkit.vision.text.internal.TextRegistrar"
174-->[com.google.android.gms:play-services-mlkit-text-recognition:16.3.0] AndroidManifest.xml:13:17-114
175                android:value="com.google.firebase.components.ComponentRegistrar" />
175-->[com.google.android.gms:play-services-mlkit-text-recognition:16.3.0] AndroidManifest.xml:14:17-82
176            <meta-data
176-->[com.google.mlkit:vision-common:16.5.0] AndroidManifest.xml:12:13-14:85
177                android:name="com.google.firebase.components:com.google.mlkit.vision.common.internal.VisionCommonRegistrar"
177-->[com.google.mlkit:vision-common:16.5.0] AndroidManifest.xml:13:17-124
178                android:value="com.google.firebase.components.ComponentRegistrar" />
178-->[com.google.mlkit:vision-common:16.5.0] AndroidManifest.xml:14:17-82
179            <meta-data
179-->[com.google.mlkit:common:17.2.0] AndroidManifest.xml:20:13-22:85
180                android:name="com.google.firebase.components:com.google.mlkit.common.internal.CommonComponentRegistrar"
180-->[com.google.mlkit:common:17.2.0] AndroidManifest.xml:21:17-120
181                android:value="com.google.firebase.components.ComponentRegistrar" />
181-->[com.google.mlkit:common:17.2.0] AndroidManifest.xml:22:17-82
182        </service>
183
184        <provider
184-->[com.google.mlkit:common:17.2.0] AndroidManifest.xml:9:9-13:38
185            android:name="com.google.mlkit.common.internal.MlKitInitProvider"
185-->[com.google.mlkit:common:17.2.0] AndroidManifest.xml:10:13-78
186            android:authorities="com.tagscanner.mlkitinitprovider"
186-->[com.google.mlkit:common:17.2.0] AndroidManifest.xml:11:13-69
187            android:exported="false"
187-->[com.google.mlkit:common:17.2.0] AndroidManifest.xml:12:13-37
188            android:initOrder="99" />
188-->[com.google.mlkit:common:17.2.0] AndroidManifest.xml:13:13-35
189
190        <activity
190-->[com.google.android.gms:play-services-base:18.0.1] AndroidManifest.xml:20:9-22:45
191            android:name="com.google.android.gms.common.api.GoogleApiActivity"
191-->[com.google.android.gms:play-services-base:18.0.1] AndroidManifest.xml:20:19-85
192            android:exported="false"
192-->[com.google.android.gms:play-services-base:18.0.1] AndroidManifest.xml:22:19-43
193            android:theme="@android:style/Theme.Translucent.NoTitleBar" />
193-->[com.google.android.gms:play-services-base:18.0.1] AndroidManifest.xml:21:19-78
194
195        <provider
195-->[com.google.firebase:firebase-common:20.3.2] AndroidManifest.xml:25:9-30:39
196            android:name="com.google.firebase.provider.FirebaseInitProvider"
196-->[com.google.firebase:firebase-common:20.3.2] AndroidManifest.xml:26:13-77
197            android:authorities="com.tagscanner.firebaseinitprovider"
197-->[com.google.firebase:firebase-common:20.3.2] AndroidManifest.xml:27:13-72
198            android:directBootAware="true"
198-->[com.google.firebase:firebase-common:20.3.2] AndroidManifest.xml:28:13-43
199            android:exported="false"
199-->[com.google.firebase:firebase-common:20.3.2] AndroidManifest.xml:29:13-37
200            android:initOrder="100" />
200-->[com.google.firebase:firebase-common:20.3.2] AndroidManifest.xml:30:13-36
201
202        <meta-data
202-->[com.google.android.gms:play-services-basement:18.1.0] AndroidManifest.xml:21:9-23:69
203            android:name="com.google.android.gms.version"
203-->[com.google.android.gms:play-services-basement:18.1.0] AndroidManifest.xml:22:13-58
204            android:value="@integer/google_play_services_version" />
204-->[com.google.android.gms:play-services-basement:18.1.0] AndroidManifest.xml:23:13-66
205
206        <provider
206-->[androidx.emoji2:emoji2:1.0.0] AndroidManifest.xml:26:9-34:20
207            android:name="androidx.startup.InitializationProvider"
207-->[androidx.emoji2:emoji2:1.0.0] AndroidManifest.xml:27:13-67
208            android:authorities="com.tagscanner.androidx-startup"
208-->[androidx.emoji2:emoji2:1.0.0] AndroidManifest.xml:28:13-68
209            android:exported="false" >
209-->[androidx.emoji2:emoji2:1.0.0] AndroidManifest.xml:29:13-37
210            <meta-data
210-->[androidx.emoji2:emoji2:1.0.0] AndroidManifest.xml:31:13-33:52
211                android:name="androidx.emoji2.text.EmojiCompatInitializer"
211-->[androidx.emoji2:emoji2:1.0.0] AndroidManifest.xml:32:17-75
212                android:value="androidx.startup" />
212-->[androidx.emoji2:emoji2:1.0.0] AndroidManifest.xml:33:17-49
213            <meta-data
213-->[androidx.lifecycle:lifecycle-process:2.4.0] AndroidManifest.xml:31:13-33:52
214                android:name="androidx.lifecycle.ProcessLifecycleInitializer"
214-->[androidx.lifecycle:lifecycle-process:2.4.0] AndroidManifest.xml:32:17-78
215                android:value="androidx.startup" />
215-->[androidx.lifecycle:lifecycle-process:2.4.0] AndroidManifest.xml:33:17-49
216        </provider>
217
218        <service
218-->[com.google.android.datatransport:transport-backend-cct:2.3.3] AndroidManifest.xml:29:9-35:19
219            android:name="com.google.android.datatransport.runtime.backends.TransportBackendDiscovery"
219-->[com.google.android.datatransport:transport-backend-cct:2.3.3] AndroidManifest.xml:30:13-103
220            android:exported="false" >
220-->[com.google.android.datatransport:transport-backend-cct:2.3.3] AndroidManifest.xml:31:13-37
221            <meta-data
221-->[com.google.android.datatransport:transport-backend-cct:2.3.3] AndroidManifest.xml:32:13-34:39
222                android:name="backend:com.google.android.datatransport.cct.CctBackendFactory"
222-->[com.google.android.datatransport:transport-backend-cct:2.3.3] AndroidManifest.xml:33:17-94
223                android:value="cct" />
223-->[com.google.android.datatransport:transport-backend-cct:2.3.3] AndroidManifest.xml:34:17-36
224        </service>
225        <service
225-->[com.google.android.datatransport:transport-runtime:2.2.6] AndroidManifest.xml:26:9-30:19
226            android:name="com.google.android.datatransport.runtime.scheduling.jobscheduling.JobInfoSchedulerService"
226-->[com.google.android.datatransport:transport-runtime:2.2.6] AndroidManifest.xml:27:13-117
227            android:exported="false"
227-->[com.google.android.datatransport:transport-runtime:2.2.6] AndroidManifest.xml:28:13-37
228            android:permission="android.permission.BIND_JOB_SERVICE" >
228-->[com.google.android.datatransport:transport-runtime:2.2.6] AndroidManifest.xml:29:13-69
229        </service>
230
231        <receiver
231-->[com.google.android.datatransport:transport-runtime:2.2.6] AndroidManifest.xml:32:9-34:40
232            android:name="com.google.android.datatransport.runtime.scheduling.jobscheduling.AlarmManagerSchedulerBroadcastReceiver"
232-->[com.google.android.datatransport:transport-runtime:2.2.6] AndroidManifest.xml:33:13-132
233            android:exported="false" />
233-->[com.google.android.datatransport:transport-runtime:2.2.6] AndroidManifest.xml:34:13-37
234    </application>
235
236</manifest>